{"level":"info","message":"server started on port undefined","timestamp":"2015-11-03T16:22:07.944Z"}
{"level":"info","message":"server started on port undefined","timestamp":"2015-11-03T16:22:45.698Z"}
{"level":"info","message":"server started on port 1338","timestamp":"2015-11-03T16:23:16.901Z"}
{"level":"info","message":"server started on port 1338","timestamp":"2015-11-03T16:57:23.478Z"}
{"level":"info","message":"server started on port undefined","timestamp":"2015-11-03T17:14:15.839Z"}
{"level":"info","message":"server started on port 1338","timestamp":"2015-11-04T15:54:11.764Z"}
{"level":"info","message":"server started on port 1338","timestamp":"2015-11-04T16:02:12.070Z"}
{"level":"info","message":"server started on port 1338","timestamp":"2015-11-04T16:03:00.659Z"}
{"level":"info","message":"server started on port 1338","timestamp":"2015-11-04T16:05:52.360Z"}
{"level":"info","message":"server started on port 1338","timestamp":"2015-11-04T16:06:25.699Z"}
{"level":"info","message":"server started on port 1338","timestamp":"2015-11-04T16:07:12.393Z"}
{"level":"info","message":"server started on port 1338","timestamp":"2015-11-04T16:10:52.205Z"}
{"level":"info","message":"server started on port 1338","timestamp":"2015-11-04T16:27:04.291Z"}
{"level":"info","message":"server started on port 1338","timestamp":"2015-11-04T16:27:13.814Z"}
{"level":"info","message":"server started on port 1338","timestamp":"2015-11-04T16:27:57.565Z"}
{"level":"info","message":"server started on port 1338","timestamp":"2015-11-04T16:28:17.009Z"}
{"level":"info","message":"server started on port 1338","timestamp":"2015-11-04T16:28:28.640Z"}
{"level":"info","message":"server started on port 1338","timestamp":"2015-11-04T16:33:55.906Z"}
{"level":"info","message":"server started on port 1338","timestamp":"2015-11-04T16:36:32.075Z"}
{"level":"info","message":"server started on port 1338","timestamp":"2015-11-04T16:37:16.670Z"}
{"level":"info","message":"server started on port 1338","timestamp":"2015-11-04T16:44:03.542Z"}
{"level":"info","message":"server started on port 1338","timestamp":"2015-11-04T16:53:37.008Z"}
{"level":"info","message":"server started on port 1338","timestamp":"2015-11-04T22:14:31.023Z"}
{"level":"info","message":"server started on port 1338","timestamp":"2015-11-04T22:14:43.277Z"}
{"level":"info","message":"server started on port 1338","timestamp":"2015-11-04T23:30:08.426Z"}
{"level":"info","message":"server started on port 1338","timestamp":"2015-11-05T20:44:33.015Z"}
{"level":"info","message":"server started on port 1338","timestamp":"2015-11-05T21:57:16.105Z"}
{"level":"info","message":"server started on port 1338","timestamp":"2015-11-05T21:58:46.142Z"}
{"level":"info","message":"server started on port 1338","timestamp":"2015-11-05T21:58:53.231Z"}
{"level":"info","message":"server started on port 1338","timestamp":"2015-11-05T22:03:06.231Z"}
{"level":"info","message":"server started on port 1338","timestamp":"2015-11-05T22:03:40.718Z"}
{"level":"info","message":"server started on port 1338","timestamp":"2015-11-05T22:04:16.899Z"}
{"level":"info","message":"server started on port 1338","timestamp":"2015-11-05T22:05:01.737Z"}
{"level":"info","message":"server started on port 1338","timestamp":"2015-11-05T22:05:22.960Z"}
{"level":"info","message":"server started on port 1338","timestamp":"2015-11-05T22:06:54.998Z"}
{"level":"info","message":"server started on port 1338","timestamp":"2015-11-05T22:09:34.571Z"}
{"level":"info","message":"server started on port 1338","timestamp":"2015-11-05T22:10:55.427Z"}
{"level":"info","message":"server started on port 1338","timestamp":"2015-11-05T22:11:14.904Z"}
{"level":"info","message":"server started on port 1338","timestamp":"2015-11-06T00:37:03.910Z"}
{"level":"info","message":"server started on port 1338","timestamp":"2015-11-06T00:38:32.618Z"}
{"level":"info","message":"server started on port 1338","timestamp":"2015-11-06T00:54:35.886Z"}
{"level":"info","message":"server started on port 1338","timestamp":"2015-11-06T22:00:07.868Z"}
{"level":"info","message":"server started on port 1338","timestamp":"2015-11-07T12:39:13.921Z"}
{"level":"info","message":"server started on port 1338","timestamp":"2015-11-07T12:44:09.789Z"}
{"level":"info","message":"server started on port 1338","timestamp":"2015-11-07T12:50:00.268Z"}
{"level":"info","message":"server started on port 1338","timestamp":"2015-11-07T12:51:19.983Z"}
{"level":"info","message":"server started on port 1338","timestamp":"2015-11-07T13:02:56.694Z"}
{"level":"info","message":"server started on port 1338","timestamp":"2015-11-07T13:03:55.336Z"}
{"level":"info","message":"server started on port 1338","timestamp":"2015-11-07T13:04:21.378Z"}
{"level":"info","message":"server started on port 1338","timestamp":"2015-11-07T13:07:36.504Z"}
{"level":"info","message":"server started on port 1338","timestamp":"2015-11-07T13:17:25.262Z"}
{"level":"info","message":"server started on port 1338","timestamp":"2015-11-07T13:17:57.804Z"}
{"level":"info","message":"server started on port 1338","timestamp":"2015-11-07T13:18:22.355Z"}
{"level":"info","message":"server started on port 1338","timestamp":"2015-11-07T13:19:07.762Z"}
{"level":"info","message":"server started on port 1338","timestamp":"2015-11-07T13:28:32.841Z"}
{"level":"info","message":"server started on port 1338","timestamp":"2015-11-07T14:04:36.383Z"}
{"level":"info","message":"server started on port 1338","timestamp":"2015-11-07T14:08:12.335Z"}
{"level":"info","message":"server started on port 1338","timestamp":"2015-11-07T14:09:53.522Z"}
{"level":"info","message":"server started on port 1338","timestamp":"2015-11-07T14:14:57.198Z"}
{"level":"info","message":"server started on port 1338","timestamp":"2015-11-07T14:15:43.159Z"}
{"level":"info","message":"server started on port 1338","timestamp":"2015-11-07T14:16:55.581Z"}
{"level":"info","message":"server started on port 1338","timestamp":"2015-11-07T14:27:27.481Z"}
{"level":"info","message":"server started on port 1338","timestamp":"2015-11-07T14:28:18.739Z"}
{"level":"info","message":"server started on port 1338","timestamp":"2015-11-07T14:37:36.468Z"}
{"level":"info","message":"server started on port 1338","timestamp":"2015-11-07T14:38:42.014Z"}
{"level":"info","message":"server started on port 1338","timestamp":"2015-11-07T14:53:02.186Z"}
{"$__":{"strictMode":true,"getters":{},"wasPopulated":false,"activePaths":{"paths":{"vkontakteId":"init","access_token":"init","created":"init","__v":"init","name":"init","_id":"init"},"states":{"ignore":{},"default":{},"init":{"__v":true,"created":true,"access_token":true,"vkontakteId":true,"name":true,"_id":true},"modify":{},"require":{}},"stateNames":["require","modify","init","default","ignore"]},"emitter":{"domain":null,"_events":{},"_eventsCount":0,"_maxListeners":0}},"isNew":false,"_doc":{"created":"2015-11-07T14:08:43.676Z","__v":0,"access_token":"14a6afe4502ec2a46f051900122b8922e7d6ac99dac3e459a5754513666d41cccdd868ca6a41e5f12783b","vkontakteId":"295273144","name":"Александр Ковальски","_id":{"_bsontype":"ObjectID","id":"V>\u0005ëõìb8\u0011\u000b-"}},"_pres":{"$__original_save":[null,null]},"_posts":{"$__original_save":[]},"level":"info","message":"auth","timestamp":"2015-11-07T14:53:23.167Z"}
{"$__":{"strictMode":true,"getters":{},"wasPopulated":false,"activePaths":{"paths":{"vkontakteId":"init","access_token":"init","created":"init","__v":"init","name":"init","_id":"init"},"states":{"ignore":{},"default":{},"init":{"__v":true,"created":true,"access_token":true,"vkontakteId":true,"name":true,"_id":true},"modify":{},"require":{}},"stateNames":["require","modify","init","default","ignore"]},"emitter":{"domain":null,"_events":{},"_eventsCount":0,"_maxListeners":0}},"isNew":false,"_doc":{"created":"2015-11-07T14:08:43.676Z","__v":0,"access_token":"14a6afe4502ec2a46f051900122b8922e7d6ac99dac3e459a5754513666d41cccdd868ca6a41e5f12783b","vkontakteId":"295273144","name":"Александр Ковальски","_id":{"_bsontype":"ObjectID","id":"V>\u0005ëõìb8\u0011\u000b-"}},"_pres":{"$__original_save":[null,null]},"_posts":{"$__original_save":[]},"level":"info","message":"auth","timestamp":"2015-11-07T14:53:23.196Z"}
{"level":"info","message":"server started on port 1338","timestamp":"2015-11-07T14:54:29.540Z"}
{"level":"info","message":"auth","timestamp":"2015-11-07T14:54:38.376Z"}
{"$__":{"strictMode":true,"getters":{},"wasPopulated":false,"activePaths":{"paths":{"vkontakteId":"init","access_token":"init","created":"init","__v":"init","name":"init","_id":"init"},"states":{"ignore":{},"default":{},"init":{"__v":true,"created":true,"access_token":true,"vkontakteId":true,"name":true,"_id":true},"modify":{},"require":{}},"stateNames":["require","modify","init","default","ignore"]},"emitter":{"domain":null,"_events":{},"_eventsCount":0,"_maxListeners":0}},"isNew":false,"_doc":{"created":"2015-11-07T14:08:43.676Z","__v":0,"access_token":"14a6afe4502ec2a46f051900122b8922e7d6ac99dac3e459a5754513666d41cccdd868ca6a41e5f12783b","vkontakteId":"295273144","name":"Александр Ковальски","_id":{"_bsontype":"ObjectID","id":"V>\u0005ëõìb8\u0011\u000b-"}},"_pres":{"$__original_save":[null,null]},"_posts":{"$__original_save":[]},"level":"info","message":"auth","timestamp":"2015-11-07T14:54:38.393Z"}
{"level":"info","message":"server started on port 1338","timestamp":"2015-11-07T14:56:48.285Z"}
{"level":"info","message":"auth","timestamp":"2015-11-07T14:59:54.471Z"}
{"$__":{"strictMode":true,"getters":{},"wasPopulated":false,"activePaths":{"paths":{"vkontakteId":"init","access_token":"init","created":"init","__v":"init","name":"init","_id":"init"},"states":{"ignore":{},"default":{},"init":{"__v":true,"created":true,"access_token":true,"vkontakteId":true,"name":true,"_id":true},"modify":{},"require":{}},"stateNames":["require","modify","init","default","ignore"]},"emitter":{"domain":null,"_events":{},"_eventsCount":0,"_maxListeners":0}},"isNew":false,"_doc":{"created":"2015-11-07T14:59:54.442Z","__v":0,"access_token":"0159f5d35bf7d19532df15ee9b0a0d9efa606051716814c1ce20ac8c72cd954f8bd0b3ed26c90b9660195","vkontakteId":"91195019","name":"Denr Abdullin","_id":{"_bsontype":"ObjectID","id":"V>\u0011ê*Gá¬\u0019v©í"}},"_pres":{"$__original_save":[null,null]},"_posts":{"$__original_save":[]},"level":"info","message":"auth","timestamp":"2015-11-07T14:59:54.611Z"}
{"level":"info","message":"server started on port 1338","timestamp":"2015-11-07T15:01:13.467Z"}
{"level":"info","message":"server started on port 1338","timestamp":"2015-11-07T15:03:26.159Z"}
